<?xml version="1.0" encoding="UTF-8"?>
<!-- Generated by org.testng.reporters.JUnitXMLReporter -->
<testsuite hostname="r2d2s-MacBook-Pro.local" ignored="0" name="Default test" tests="4" failures="0" timestamp="27 Apr 2018 12:03:22 GMT" time="54.857" errors="0">
  <testcase name="validateAddNewMedia" time="5.193" classname="com.automation.testcases.AddNewMediaTest"/>
  <testcase name="validateAddNewMedia" time="5.229" classname="com.automation.testcases.AddNewMediaTest"/>
  <testcase name="validateAddNewMedia" time="5.173" classname="com.automation.testcases.AddNewMediaTest"/>
  <testcase name="validateAddNewMedia" time="5.222" classname="com.automation.testcases.AddNewMediaTest"/>
</testsuite> <!-- Default test -->
