<?xml version="1.0" encoding="UTF-8"?>
<testng-results skipped="0" failed="0" ignored="0" total="4" passed="4">
  <reporter-output>
  </reporter-output>
  <suite name="Default suite" duration-ms="54857" started-at="2018-04-27T12:02:27Z" finished-at="2018-04-27T12:03:22Z">
    <groups>
    </groups>
    <test name="Default test" duration-ms="54857" started-at="2018-04-27T12:02:27Z" finished-at="2018-04-27T12:03:22Z">
      <class name="com.automation.testcases.AddNewMediaTest">
        <test-method status="PASS" signature="setUp()[pri:0, instance:com.automation.testcases.AddNewMediaTest@1ce92674]" name="setUp" is-config="true" duration-ms="8480" started-at="2018-04-27T13:02:28Z" finished-at="2018-04-27T13:02:36Z">
          <reporter-output>
          </reporter-output>
        </test-method> <!-- setUp -->
        <test-method status="PASS" signature="validateAddNewMedia(java.lang.String)[pri:1, instance:com.automation.testcases.AddNewMediaTest@1ce92674]" name="validateAddNewMedia" duration-ms="5193" started-at="2018-04-27T13:02:36Z" data-provider="getTestData" finished-at="2018-04-27T13:02:41Z">
          <params>
            <param index="0">
              <value>
                <![CDATA[/src/main/resources/images/cat1.jpg]]>
              </value>
            </param>
          </params>
          <reporter-output>
          </reporter-output>
        </test-method> <!-- validateAddNewMedia -->
        <test-method status="PASS" signature="tearDown()[pri:0, instance:com.automation.testcases.AddNewMediaTest@1ce92674]" name="tearDown" is-config="true" duration-ms="117" started-at="2018-04-27T13:02:41Z" finished-at="2018-04-27T13:02:41Z">
          <reporter-output>
          </reporter-output>
        </test-method> <!-- tearDown -->
        <test-method status="PASS" signature="setUp()[pri:0, instance:com.automation.testcases.AddNewMediaTest@1ce92674]" name="setUp" is-config="true" duration-ms="6928" started-at="2018-04-27T13:02:41Z" finished-at="2018-04-27T13:02:48Z">
          <reporter-output>
          </reporter-output>
        </test-method> <!-- setUp -->
        <test-method status="PASS" signature="validateAddNewMedia(java.lang.String)[pri:1, instance:com.automation.testcases.AddNewMediaTest@1ce92674]" name="validateAddNewMedia" duration-ms="5229" started-at="2018-04-27T13:02:48Z" data-provider="getTestData" finished-at="2018-04-27T13:02:54Z">
          <params>
            <param index="0">
              <value>
                <![CDATA[/src/main/resources/images/cat2.jpg]]>
              </value>
            </param>
          </params>
          <reporter-output>
          </reporter-output>
        </test-method> <!-- validateAddNewMedia -->
        <test-method status="PASS" signature="tearDown()[pri:0, instance:com.automation.testcases.AddNewMediaTest@1ce92674]" name="tearDown" is-config="true" duration-ms="128" started-at="2018-04-27T13:02:54Z" finished-at="2018-04-27T13:02:54Z">
          <reporter-output>
          </reporter-output>
        </test-method> <!-- tearDown -->
        <test-method status="PASS" signature="setUp()[pri:0, instance:com.automation.testcases.AddNewMediaTest@1ce92674]" name="setUp" is-config="true" duration-ms="11730" started-at="2018-04-27T13:02:54Z" finished-at="2018-04-27T13:03:05Z">
          <reporter-output>
          </reporter-output>
        </test-method> <!-- setUp -->
        <test-method status="PASS" signature="validateAddNewMedia(java.lang.String)[pri:1, instance:com.automation.testcases.AddNewMediaTest@1ce92674]" name="validateAddNewMedia" duration-ms="5173" started-at="2018-04-27T13:03:05Z" data-provider="getTestData" finished-at="2018-04-27T13:03:11Z">
          <params>
            <param index="0">
              <value>
                <![CDATA[/src/main/resources/images/cat3.jpg]]>
              </value>
            </param>
          </params>
          <reporter-output>
          </reporter-output>
        </test-method> <!-- validateAddNewMedia -->
        <test-method status="PASS" signature="tearDown()[pri:0, instance:com.automation.testcases.AddNewMediaTest@1ce92674]" name="tearDown" is-config="true" duration-ms="111" started-at="2018-04-27T13:03:11Z" finished-at="2018-04-27T13:03:11Z">
          <reporter-output>
          </reporter-output>
        </test-method> <!-- tearDown -->
        <test-method status="PASS" signature="setUp()[pri:0, instance:com.automation.testcases.AddNewMediaTest@1ce92674]" name="setUp" is-config="true" duration-ms="6122" started-at="2018-04-27T13:03:11Z" finished-at="2018-04-27T13:03:17Z">
          <reporter-output>
          </reporter-output>
        </test-method> <!-- setUp -->
        <test-method status="PASS" signature="validateAddNewMedia(java.lang.String)[pri:1, instance:com.automation.testcases.AddNewMediaTest@1ce92674]" name="validateAddNewMedia" duration-ms="5222" started-at="2018-04-27T13:03:17Z" data-provider="getTestData" finished-at="2018-04-27T13:03:22Z">
          <params>
            <param index="0">
              <value>
                <![CDATA[/src/main/resources/images/cat4.jpg]]>
              </value>
            </param>
          </params>
          <reporter-output>
          </reporter-output>
        </test-method> <!-- validateAddNewMedia -->
        <test-method status="PASS" signature="tearDown()[pri:0, instance:com.automation.testcases.AddNewMediaTest@1ce92674]" name="tearDown" is-config="true" duration-ms="99" started-at="2018-04-27T13:03:22Z" finished-at="2018-04-27T13:03:22Z">
          <reporter-output>
          </reporter-output>
        </test-method> <!-- tearDown -->
      </class> <!-- com.automation.testcases.AddNewMediaTest -->
    </test> <!-- Default test -->
  </suite> <!-- Default suite -->
</testng-results>
